<?xml version="1.0" encoding="UTF-8"?>
<testsuite xmlns:xsi="http://www.w3.org/2001/XMLSchema-instance" xsi:noNamespaceSchemaLocation="https://maven.apache.org/surefire/maven-surefire-plugin/xsd/surefire-test-report-3.0.xsd" version="3.0" name="org.itsimulator.germes.app.rest.service.CityResourceTest" time="0.434" tests="1" errors="1" skipped="0" failures="0">
  <properties>
    <property name="java.specification.version" value="19"/>
    <property name="sun.cpu.isalist" value="amd64"/>
    <property name="sun.jnu.encoding" value="Cp1251"/>
    <property name="java.class.path" value="C:\Users\123\Desktop\JAVA projects\MyGermes\germes-service\target\test-classes;C:\Users\123\Desktop\JAVA projects\MyGermes\germes-service\target\classes;C:\Users\123\Desktop\JAVA projects\MyGermes\germes-module\target\classes;C:\Users\123\.m2\repository\org\glassfish\jersey\containers\jersey-container-grizzly2-http\2.19\jersey-container-grizzly2-http-2.19.jar;C:\Users\123\.m2\repository\org\glassfish\hk2\external\javax.inject\2.4.0-b25\javax.inject-2.4.0-b25.jar;C:\Users\123\.m2\repository\org\glassfish\grizzly\grizzly-http-server\2.3.19\grizzly-http-server-2.3.19.jar;C:\Users\123\.m2\repository\org\glassfish\grizzly\grizzly-http\2.3.19\grizzly-http-2.3.19.jar;C:\Users\123\.m2\repository\org\glassfish\grizzly\grizzly-framework\2.3.19\grizzly-framework-2.3.19.jar;C:\Users\123\.m2\repository\org\glassfish\jersey\core\jersey-common\2.19\jersey-common-2.19.jar;C:\Users\123\.m2\repository\javax\annotation\javax.annotation-api\1.2\javax.annotation-api-1.2.jar;C:\Users\123\.m2\repository\org\glassfish\jersey\bundles\repackaged\jersey-guava\2.19\jersey-guava-2.19.jar;C:\Users\123\.m2\repository\org\glassfish\hk2\hk2-api\2.4.0-b25\hk2-api-2.4.0-b25.jar;C:\Users\123\.m2\repository\org\glassfish\hk2\hk2-utils\2.4.0-b25\hk2-utils-2.4.0-b25.jar;C:\Users\123\.m2\repository\org\glassfish\hk2\external\aopalliance-repackaged\2.4.0-b25\aopalliance-repackaged-2.4.0-b25.jar;C:\Users\123\.m2\repository\org\glassfish\hk2\hk2-locator\2.4.0-b25\hk2-locator-2.4.0-b25.jar;C:\Users\123\.m2\repository\org\javassist\javassist\3.18.1-GA\javassist-3.18.1-GA.jar;C:\Users\123\.m2\repository\org\glassfish\hk2\osgi-resource-locator\1.0.1\osgi-resource-locator-1.0.1.jar;C:\Users\123\.m2\repository\org\glassfish\jersey\core\jersey-server\2.19\jersey-server-2.19.jar;C:\Users\123\.m2\repository\org\glassfish\jersey\core\jersey-client\2.19\jersey-client-2.19.jar;C:\Users\123\.m2\repository\org\glassfish\jersey\media\jersey-media-jaxb\2.19\jersey-media-jaxb-2.19.jar;C:\Users\123\.m2\repository\javax\validation\validation-api\1.1.0.Final\validation-api-1.1.0.Final.jar;C:\Users\123\.m2\repository\javax\ws\rs\javax.ws.rs-api\2.0.1\javax.ws.rs-api-2.0.1.jar;C:\Users\123\.m2\repository\org\glassfish\jersey\containers\jersey-container-servlet\3.1.2\jersey-container-servlet-3.1.2.jar;C:\Users\123\.m2\repository\org\glassfish\jersey\containers\jersey-container-servlet-core\3.1.2\jersey-container-servlet-core-3.1.2.jar;C:\Users\123\.m2\repository\jakarta\inject\jakarta.inject-api\2.0.1\jakarta.inject-api-2.0.1.jar;C:\Users\123\.m2\repository\jakarta\ws\rs\jakarta.ws.rs-api\3.1.0\jakarta.ws.rs-api-3.1.0.jar;C:\Users\123\.m2\repository\org\glassfish\jersey\media\jersey-media-json-jackson\3.1.2\jersey-media-json-jackson-3.1.2.jar;C:\Users\123\.m2\repository\org\glassfish\jersey\ext\jersey-entity-filtering\3.1.2\jersey-entity-filtering-3.1.2.jar;C:\Users\123\.m2\repository\com\fasterxml\jackson\core\jackson-annotations\2.14.1\jackson-annotations-2.14.1.jar;C:\Users\123\.m2\repository\com\fasterxml\jackson\core\jackson-databind\2.14.1\jackson-databind-2.14.1.jar;C:\Users\123\.m2\repository\com\fasterxml\jackson\core\jackson-core\2.14.1\jackson-core-2.14.1.jar;C:\Users\123\.m2\repository\com\fasterxml\jackson\module\jackson-module-jakarta-xmlbind-annotations\2.14.1\jackson-module-jakarta-xmlbind-annotations-2.14.1.jar;C:\Users\123\.m2\repository\jakarta\xml\bind\jakarta.xml.bind-api\4.0.0\jakarta.xml.bind-api-4.0.0.jar;C:\Users\123\.m2\repository\jakarta\activation\jakarta.activation-api\2.1.0\jakarta.activation-api-2.1.0.jar;C:\Users\123\.m2\repository\org\glassfish\jersey\test-framework\jersey-test-framework-core\2.19\jersey-test-framework-core-2.19.jar;C:\Users\123\.m2\repository\javax\servlet\javax.servlet-api\3.0.1\javax.servlet-api-3.0.1.jar;C:\Users\123\.m2\repository\org\ow2\asm\asm-debug-all\5.0.3\asm-debug-all-5.0.3.jar;C:\Users\123\.m2\repository\org\glassfish\jersey\test-framework\providers\jersey-test-framework-provider-grizzly2\2.19\jersey-test-framework-provider-grizzly2-2.19.jar;C:\Users\123\.m2\repository\org\glassfish\jersey\containers\jersey-container-grizzly2-servlet\2.19\jersey-container-grizzly2-servlet-2.19.jar;C:\Users\123\.m2\repository\org\glassfish\grizzly\grizzly-http-servlet\2.3.19\grizzly-http-servlet-2.3.19.jar;C:\Users\123\.m2\repository\junit\junit\4.13.2\junit-4.13.2.jar;C:\Users\123\.m2\repository\org\hamcrest\hamcrest-core\1.3\hamcrest-core-1.3.jar;C:\Users\123\.m2\repository\com\google\guava\guava\32.0.1-jre\guava-32.0.1-jre.jar;C:\Users\123\.m2\repository\com\google\guava\failureaccess\1.0.1\failureaccess-1.0.1.jar;C:\Users\123\.m2\repository\com\google\guava\listenablefuture\9999.0-empty-to-avoid-conflict-with-guava\listenablefuture-9999.0-empty-to-avoid-conflict-with-guava.jar;C:\Users\123\.m2\repository\com\google\code\findbugs\jsr305\3.0.2\jsr305-3.0.2.jar;C:\Users\123\.m2\repository\org\checkerframework\checker-qual\3.33.0\checker-qual-3.33.0.jar;C:\Users\123\.m2\repository\com\google\errorprone\error_prone_annotations\2.18.0\error_prone_annotations-2.18.0.jar;C:\Users\123\.m2\repository\com\google\j2objc\j2objc-annotations\2.8\j2objc-annotations-2.8.jar;"/>
    <property name="java.vm.vendor" value="Oracle Corporation"/>
    <property name="sun.arch.data.model" value="64"/>
    <property name="user.variant" value=""/>
    <property name="java.vendor.url" value="https://java.oracle.com/"/>
    <property name="user.timezone" value="Europe/Kiev"/>
    <property name="os.name" value="Windows 10"/>
    <property name="java.vm.specification.version" value="19"/>
    <property name="sun.java.launcher" value="SUN_STANDARD"/>
    <property name="user.country" value="RU"/>
    <property name="sun.boot.library.path" value="C:\Program Files\Java\jdk-19\bin"/>
    <property name="sun.java.command" value="C:\Users\123\AppData\Local\Temp\surefire6712292478924491494\surefirebooter-20230630194327628_6.jar C:\Users\123\AppData\Local\Temp\surefire6712292478924491494 2023-06-30T19-43-25_339-jvmRun1 surefire-20230630194327628_4tmp surefire_1-20230630194327628_5tmp"/>
    <property name="jdk.debug" value="release"/>
    <property name="surefire.test.class.path" value="C:\Users\123\Desktop\JAVA projects\MyGermes\germes-service\target\test-classes;C:\Users\123\Desktop\JAVA projects\MyGermes\germes-service\target\classes;C:\Users\123\Desktop\JAVA projects\MyGermes\germes-module\target\classes;C:\Users\123\.m2\repository\org\glassfish\jersey\containers\jersey-container-grizzly2-http\2.19\jersey-container-grizzly2-http-2.19.jar;C:\Users\123\.m2\repository\org\glassfish\hk2\external\javax.inject\2.4.0-b25\javax.inject-2.4.0-b25.jar;C:\Users\123\.m2\repository\org\glassfish\grizzly\grizzly-http-server\2.3.19\grizzly-http-server-2.3.19.jar;C:\Users\123\.m2\repository\org\glassfish\grizzly\grizzly-http\2.3.19\grizzly-http-2.3.19.jar;C:\Users\123\.m2\repository\org\glassfish\grizzly\grizzly-framework\2.3.19\grizzly-framework-2.3.19.jar;C:\Users\123\.m2\repository\org\glassfish\jersey\core\jersey-common\2.19\jersey-common-2.19.jar;C:\Users\123\.m2\repository\javax\annotation\javax.annotation-api\1.2\javax.annotation-api-1.2.jar;C:\Users\123\.m2\repository\org\glassfish\jersey\bundles\repackaged\jersey-guava\2.19\jersey-guava-2.19.jar;C:\Users\123\.m2\repository\org\glassfish\hk2\hk2-api\2.4.0-b25\hk2-api-2.4.0-b25.jar;C:\Users\123\.m2\repository\org\glassfish\hk2\hk2-utils\2.4.0-b25\hk2-utils-2.4.0-b25.jar;C:\Users\123\.m2\repository\org\glassfish\hk2\external\aopalliance-repackaged\2.4.0-b25\aopalliance-repackaged-2.4.0-b25.jar;C:\Users\123\.m2\repository\org\glassfish\hk2\hk2-locator\2.4.0-b25\hk2-locator-2.4.0-b25.jar;C:\Users\123\.m2\repository\org\javassist\javassist\3.18.1-GA\javassist-3.18.1-GA.jar;C:\Users\123\.m2\repository\org\glassfish\hk2\osgi-resource-locator\1.0.1\osgi-resource-locator-1.0.1.jar;C:\Users\123\.m2\repository\org\glassfish\jersey\core\jersey-server\2.19\jersey-server-2.19.jar;C:\Users\123\.m2\repository\org\glassfish\jersey\core\jersey-client\2.19\jersey-client-2.19.jar;C:\Users\123\.m2\repository\org\glassfish\jersey\media\jersey-media-jaxb\2.19\jersey-media-jaxb-2.19.jar;C:\Users\123\.m2\repository\javax\validation\validation-api\1.1.0.Final\validation-api-1.1.0.Final.jar;C:\Users\123\.m2\repository\javax\ws\rs\javax.ws.rs-api\2.0.1\javax.ws.rs-api-2.0.1.jar;C:\Users\123\.m2\repository\org\glassfish\jersey\containers\jersey-container-servlet\3.1.2\jersey-container-servlet-3.1.2.jar;C:\Users\123\.m2\repository\org\glassfish\jersey\containers\jersey-container-servlet-core\3.1.2\jersey-container-servlet-core-3.1.2.jar;C:\Users\123\.m2\repository\jakarta\inject\jakarta.inject-api\2.0.1\jakarta.inject-api-2.0.1.jar;C:\Users\123\.m2\repository\jakarta\ws\rs\jakarta.ws.rs-api\3.1.0\jakarta.ws.rs-api-3.1.0.jar;C:\Users\123\.m2\repository\org\glassfish\jersey\media\jersey-media-json-jackson\3.1.2\jersey-media-json-jackson-3.1.2.jar;C:\Users\123\.m2\repository\org\glassfish\jersey\ext\jersey-entity-filtering\3.1.2\jersey-entity-filtering-3.1.2.jar;C:\Users\123\.m2\repository\com\fasterxml\jackson\core\jackson-annotations\2.14.1\jackson-annotations-2.14.1.jar;C:\Users\123\.m2\repository\com\fasterxml\jackson\core\jackson-databind\2.14.1\jackson-databind-2.14.1.jar;C:\Users\123\.m2\repository\com\fasterxml\jackson\core\jackson-core\2.14.1\jackson-core-2.14.1.jar;C:\Users\123\.m2\repository\com\fasterxml\jackson\module\jackson-module-jakarta-xmlbind-annotations\2.14.1\jackson-module-jakarta-xmlbind-annotations-2.14.1.jar;C:\Users\123\.m2\repository\jakarta\xml\bind\jakarta.xml.bind-api\4.0.0\jakarta.xml.bind-api-4.0.0.jar;C:\Users\123\.m2\repository\jakarta\activation\jakarta.activation-api\2.1.0\jakarta.activation-api-2.1.0.jar;C:\Users\123\.m2\repository\org\glassfish\jersey\test-framework\jersey-test-framework-core\2.19\jersey-test-framework-core-2.19.jar;C:\Users\123\.m2\repository\javax\servlet\javax.servlet-api\3.0.1\javax.servlet-api-3.0.1.jar;C:\Users\123\.m2\repository\org\ow2\asm\asm-debug-all\5.0.3\asm-debug-all-5.0.3.jar;C:\Users\123\.m2\repository\org\glassfish\jersey\test-framework\providers\jersey-test-framework-provider-grizzly2\2.19\jersey-test-framework-provider-grizzly2-2.19.jar;C:\Users\123\.m2\repository\org\glassfish\jersey\containers\jersey-container-grizzly2-servlet\2.19\jersey-container-grizzly2-servlet-2.19.jar;C:\Users\123\.m2\repository\org\glassfish\grizzly\grizzly-http-servlet\2.3.19\grizzly-http-servlet-2.3.19.jar;C:\Users\123\.m2\repository\junit\junit\4.13.2\junit-4.13.2.jar;C:\Users\123\.m2\repository\org\hamcrest\hamcrest-core\1.3\hamcrest-core-1.3.jar;C:\Users\123\.m2\repository\com\google\guava\guava\32.0.1-jre\guava-32.0.1-jre.jar;C:\Users\123\.m2\repository\com\google\guava\failureaccess\1.0.1\failureaccess-1.0.1.jar;C:\Users\123\.m2\repository\com\google\guava\listenablefuture\9999.0-empty-to-avoid-conflict-with-guava\listenablefuture-9999.0-empty-to-avoid-conflict-with-guava.jar;C:\Users\123\.m2\repository\com\google\code\findbugs\jsr305\3.0.2\jsr305-3.0.2.jar;C:\Users\123\.m2\repository\org\checkerframework\checker-qual\3.33.0\checker-qual-3.33.0.jar;C:\Users\123\.m2\repository\com\google\errorprone\error_prone_annotations\2.18.0\error_prone_annotations-2.18.0.jar;C:\Users\123\.m2\repository\com\google\j2objc\j2objc-annotations\2.8\j2objc-annotations-2.8.jar;"/>
    <property name="sun.cpu.endian" value="little"/>
    <property name="user.home" value="C:\Users\123"/>
    <property name="user.language" value="ru"/>
    <property name="java.specification.vendor" value="Oracle Corporation"/>
    <property name="java.version.date" value="2023-01-17"/>
    <property name="java.home" value="C:\Program Files\Java\jdk-19"/>
    <property name="file.separator" value="\"/>
    <property name="basedir" value="C:\Users\123\Desktop\JAVA projects\MyGermes\germes-service"/>
    <property name="java.vm.compressedOopsMode" value="Zero based"/>
    <property name="line.separator" value="&#10;"/>
    <property name="java.vm.specification.vendor" value="Oracle Corporation"/>
    <property name="java.specification.name" value="Java Platform API Specification"/>
    <property name="surefire.real.class.path" value="C:\Users\123\AppData\Local\Temp\surefire6712292478924491494\surefirebooter-20230630194327628_6.jar"/>
    <property name="user.script" value=""/>
    <property name="sun.management.compiler" value="HotSpot 64-Bit Tiered Compilers"/>
    <property name="java.runtime.version" value="19.0.2+7-44"/>
    <property name="user.name" value="123"/>
    <property name="stdout.encoding" value="Cp1251"/>
    <property name="path.separator" value=";"/>
    <property name="os.version" value="10.0"/>
    <property name="java.runtime.name" value="Java(TM) SE Runtime Environment"/>
    <property name="file.encoding" value="UTF-8"/>
    <property name="java.vm.name" value="Java HotSpot(TM) 64-Bit Server VM"/>
    <property name="localRepository" value="C:\Users\123\.m2\repository"/>
    <property name="java.vendor.url.bug" value="https://bugreport.java.com/bugreport/"/>
    <property name="java.io.tmpdir" value="C:\Users\123\AppData\Local\Temp\"/>
    <property name="java.version" value="19.0.2"/>
    <property name="user.dir" value="C:\Users\123\Desktop\JAVA projects\MyGermes\germes-service"/>
    <property name="os.arch" value="amd64"/>
    <property name="java.vm.specification.name" value="Java Virtual Machine Specification"/>
    <property name="sun.os.patch.level" value=""/>
    <property name="native.encoding" value="Cp1251"/>
    <property name="java.library.path" value="C:\Program Files\Java\jdk-19\bin;C:\WINDOWS\Sun\Java\bin;C:\WINDOWS\system32;C:\WINDOWS;C:\Program Files\Common Files\Oracle\Java\javapath;C:\Program Files (x86)\Common Files\Intel\Shared Libraries\redist\ia32\compiler;C:\Program Files (x86)\Common Files\Intel\Shared Libraries\redist\intel64\compiler;C:\Windows\system32;C:\Windows;C:\Windows\System32\Wbem;C:\Windows\System32\WindowsPowerShell\v1.0\;C:\Windows\System32\OpenSSH\;C:\Program Files\NVIDIA Corporation\NVIDIA NvDLISR;C:\WINDOWS\system32;C:\WINDOWS;C:\WINDOWS\System32\Wbem;C:\WINDOWS\System32\WindowsPowerShell\v1.0\;C:\WINDOWS\System32\OpenSSH\;C:\Program Files (x86)\NVIDIA Corporation\PhysX\Common;C:\Program Files\dotnet\;C:\Program Files\Git\cmd;С:\Program Files\Java\jdk-19\bin;C:\Program Files\apache-maven-3.9.3\bin;;."/>
    <property name="java.vm.info" value="mixed mode, sharing"/>
    <property name="stderr.encoding" value="Cp1251"/>
    <property name="java.vendor" value="Oracle Corporation"/>
    <property name="java.vm.version" value="19.0.2+7-44"/>
    <property name="sun.io.unicode.encoding" value="UnicodeLittle"/>
    <property name="java.class.version" value="63.0"/>
  </properties>
  <testcase name="testFindCitiesSuccess" classname="org.itsimulator.germes.app.rest.service.CityResourceTest" time="0.366">
    <error message="Receiver class org.glassfish.jersey.jackson.internal.JacksonAutoDiscoverable does not define or inherit an implementation of the resolved method &apos;abstract void configure(javax.ws.rs.core.FeatureContext)&apos; of interface org.glassfish.jersey.internal.spi.AutoDiscoverable." type="java.lang.AbstractMethodError"><![CDATA[java.lang.AbstractMethodError: Receiver class org.glassfish.jersey.jackson.internal.JacksonAutoDiscoverable does not define or inherit an implementation of the resolved method 'abstract void configure(javax.ws.rs.core.FeatureContext)' of interface org.glassfish.jersey.internal.spi.AutoDiscoverable.
	at org.glassfish.jersey.model.internal.CommonConfig.configureAutoDiscoverableProviders(CommonConfig.java:622)
	at org.glassfish.jersey.server.ResourceConfig.configureAutoDiscoverableProviders(ResourceConfig.java:804)
	at org.glassfish.jersey.server.ApplicationHandler.initialize(ApplicationHandler.java:446)
	at org.glassfish.jersey.server.ApplicationHandler.access$500(ApplicationHandler.java:183)
	at org.glassfish.jersey.server.ApplicationHandler$3.call(ApplicationHandler.java:349)
	at org.glassfish.jersey.server.ApplicationHandler$3.call(ApplicationHandler.java:346)
	at org.glassfish.jersey.internal.Errors.process(Errors.java:315)
	at org.glassfish.jersey.internal.Errors.process(Errors.java:297)
	at org.glassfish.jersey.internal.Errors.processWithException(Errors.java:255)
	at org.glassfish.jersey.server.ApplicationHandler.<init>(ApplicationHandler.java:346)
	at org.glassfish.jersey.server.ApplicationHandler.<init>(ApplicationHandler.java:310)
	at org.glassfish.jersey.grizzly2.httpserver.GrizzlyHttpContainer.<init>(GrizzlyHttpContainer.java:331)
	at org.glassfish.jersey.grizzly2.httpserver.GrizzlyHttpServerFactory.createHttpServer(GrizzlyHttpServerFactory.java:139)
	at org.glassfish.jersey.test.grizzly.GrizzlyTestContainerFactory$GrizzlyTestContainer.<init>(GrizzlyTestContainerFactory.java:82)
	at org.glassfish.jersey.test.grizzly.GrizzlyTestContainerFactory$GrizzlyTestContainer.<init>(GrizzlyTestContainerFactory.java:66)
	at org.glassfish.jersey.test.grizzly.GrizzlyTestContainerFactory.create(GrizzlyTestContainerFactory.java:130)
	at org.glassfish.jersey.test.JerseyTest.createTestContainer(JerseyTest.java:277)
	at org.glassfish.jersey.test.JerseyTest.setUp(JerseyTest.java:609)
	at java.base/jdk.internal.reflect.DirectMethodHandleAccessor.invoke(DirectMethodHandleAccessor.java:104)
	at java.base/java.lang.reflect.Method.invoke(Method.java:578)
	at org.junit.runners.model.FrameworkMethod$1.runReflectiveCall(FrameworkMethod.java:59)
	at org.junit.internal.runners.model.ReflectiveCallable.run(ReflectiveCallable.java:12)
	at org.junit.runners.model.FrameworkMethod.invokeExplosively(FrameworkMethod.java:56)
	at org.junit.internal.runners.statements.RunBefores.invokeMethod(RunBefores.java:33)
	at org.junit.internal.runners.statements.RunBefores.evaluate(RunBefores.java:24)
	at org.junit.internal.runners.statements.RunAfters.evaluate(RunAfters.java:27)
	at org.junit.runners.ParentRunner$3.evaluate(ParentRunner.java:306)
	at org.junit.runners.BlockJUnit4ClassRunner$1.evaluate(BlockJUnit4ClassRunner.java:100)
	at org.junit.runners.ParentRunner.runLeaf(ParentRunner.java:366)
	at org.junit.runners.BlockJUnit4ClassRunner.runChild(BlockJUnit4ClassRunner.java:103)
	at org.junit.runners.BlockJUnit4ClassRunner.runChild(BlockJUnit4ClassRunner.java:63)
	at org.junit.runners.ParentRunner$4.run(ParentRunner.java:331)
	at org.junit.runners.ParentRunner$1.schedule(ParentRunner.java:79)
	at org.junit.runners.ParentRunner.runChildren(ParentRunner.java:329)
	at org.junit.runners.ParentRunner.access$100(ParentRunner.java:66)
	at org.junit.runners.ParentRunner$2.evaluate(ParentRunner.java:293)
	at org.junit.runners.ParentRunner$3.evaluate(ParentRunner.java:306)
	at org.junit.runners.ParentRunner.run(ParentRunner.java:413)
	at org.apache.maven.surefire.junit4.JUnit4Provider.execute(JUnit4Provider.java:316)
	at org.apache.maven.surefire.junit4.JUnit4Provider.executeWithRerun(JUnit4Provider.java:240)
	at org.apache.maven.surefire.junit4.JUnit4Provider.executeTestSet(JUnit4Provider.java:214)
	at org.apache.maven.surefire.junit4.JUnit4Provider.invoke(JUnit4Provider.java:155)
	at org.apache.maven.surefire.booter.ForkedBooter.runSuitesInProcess(ForkedBooter.java:385)
	at org.apache.maven.surefire.booter.ForkedBooter.execute(ForkedBooter.java:162)
	at org.apache.maven.surefire.booter.ForkedBooter.run(ForkedBooter.java:507)
	at org.apache.maven.surefire.booter.ForkedBooter.main(ForkedBooter.java:495)
]]></error>
    <system-err><![CDATA[июн. 30, 2023 7:43:28 PM org.glassfish.jersey.test.grizzly.GrizzlyTestContainerFactory$GrizzlyTestContainer <init>
INFO: Creating GrizzlyTestContainer configured at the base URI http://localhost:9998/
]]></system-err>
  </testcase>
</testsuite>